<?xml version="1.0" encoding="UTF-8"?>
<testng-results skipped="0" failed="1" total="4" passed="3">
  <reporter-output>
  </reporter-output>
  <suite name="Default suite" duration-ms="71826" started-at="2020-05-29T08:21:42Z" finished-at="2020-05-29T08:22:54Z">
    <groups>
      <group name="cucumber">
        <method signature="CucumberFeatureManager.runScenario(io.cucumber.testng.PickleEventWrapper, io.cucumber.testng.CucumberFeatureWrapper)[pri:0, instance:com.airasia.runner.SuiteRunner@56ef9176]" name="runScenario" class="com.airasia.framework.base.CucumberFeatureManager"/>
      </group> <!-- cucumber -->
    </groups>
    <test name="Default test" duration-ms="71826" started-at="2020-05-29T08:21:42Z" finished-at="2020-05-29T08:22:54Z">
      <class name="com.airasia.runner.SuiteRunner">
        <test-method status="PASS" signature="setUpClass()[pri:0, instance:com.airasia.runner.SuiteRunner@56ef9176]" name="setUpClass" is-config="true" duration-ms="151" started-at="2020-05-29T16:21:42Z" finished-at="2020-05-29T16:21:42Z">
          <reporter-output>
          </reporter-output>
        </test-method> <!-- setUpClass -->
        <test-method status="PASS" signature="runScenario(io.cucumber.testng.PickleEventWrapper, io.cucumber.testng.CucumberFeatureWrapper)[pri:0, instance:com.airasia.runner.SuiteRunner@56ef9176]" name="runScenario" duration-ms="16651" started-at="2020-05-29T16:21:42Z" description="Runs Cucumber Scenarios" data-provider="scenarios" finished-at="2020-05-29T16:21:59Z">
          <params>
            <param index="0">
              <value>
                <![CDATA["Search for product"]]>
              </value>
            </param>
            <param index="1">
              <value>
                <![CDATA["verify search,add and update product in amazon web shop"]]>
              </value>
            </param>
          </params>
          <reporter-output>
          </reporter-output>
        </test-method> <!-- runScenario -->
        <test-method status="PASS" signature="runScenario(io.cucumber.testng.PickleEventWrapper, io.cucumber.testng.CucumberFeatureWrapper)[pri:0, instance:com.airasia.runner.SuiteRunner@56ef9176]" name="runScenario" duration-ms="17307" started-at="2020-05-29T16:21:59Z" description="Runs Cucumber Scenarios" data-provider="scenarios" finished-at="2020-05-29T16:22:16Z">
          <params>
            <param index="0">
              <value>
                <![CDATA["Add Product to cart"]]>
              </value>
            </param>
            <param index="1">
              <value>
                <![CDATA["verify search,add and update product in amazon web shop"]]>
              </value>
            </param>
          </params>
          <reporter-output>
          </reporter-output>
        </test-method> <!-- runScenario -->
        <test-method status="FAIL" signature="runScenario(io.cucumber.testng.PickleEventWrapper, io.cucumber.testng.CucumberFeatureWrapper)[pri:0, instance:com.airasia.runner.SuiteRunner@56ef9176]" name="runScenario" duration-ms="17399" started-at="2020-05-29T16:22:16Z" description="Runs Cucumber Scenarios" data-provider="scenarios" finished-at="2020-05-29T16:22:34Z">
          <params>
            <param index="0">
              <value>
                <![CDATA["update Product quantity cart"]]>
              </value>
            </param>
            <param index="1">
              <value>
                <![CDATA["verify search,add and update product in amazon web shop"]]>
              </value>
            </param>
          </params>
          <exception class="org.openqa.selenium.ElementClickInterceptedException">
            <message>
              <![CDATA[element click intercepted: Element <a href="https://www.amazon.in/gp/cart/view.html?ref_=nav_cart" aria-label="2 items in cart" class="nav-a nav-a-2" id="nav-cart" tabindex="17">...</a> is not clickable at point (1326, 31). Other element would receive the click: <span class="nav-cart-icon nav-sprite"></span>
  (Session info: chrome=83.0.4103.61)
Build info: version: '3.141.59', revision: 'e82be7d358', time: '2018-11-14T08:17:03'
System info: host: 'Reddi-Kothapalli.local', ip: 'fe80:0:0:0:c6b:7019:84ea:a3d6%en0', os.name: 'Mac OS X', os.arch: 'x86_64', os.version: '10.15.4', java.version: '1.8.0_231'
Driver info: org.openqa.selenium.chrome.ChromeDriver
Capabilities {acceptInsecureCerts: true, browserName: chrome, browserVersion: 83.0.4103.61, chrome: {chromedriverVersion: 83.0.4103.39 (ccbf011cb2d2b..., userDataDir: /var/folders/gm/rp8ghlv94xn...}, goog:chromeOptions: {debuggerAddress: localhost:53800}, javascriptEnabled: true, networkConnectionEnabled: false, pageLoadStrategy: normal, platform: MAC, platformName: MAC, proxy: Proxy(), setWindowRect: true, strictFileInteractability: false, timeouts: {implicit: 0, pageLoad: 300000, script: 30000}, unhandledPromptBehavior: dismiss and notify, webauthn:virtualAuthenticators: true}
Session ID: 28833f16f49c8898e0c20c7526da6dd1]]>
            </message>
            <full-stacktrace>
                <![CDATA[org.openqa.selenium.ElementClickInterceptedException: element click intercepted: Element <a href="https://www.amazon.in/gp/cart/view.html?ref_=nav_cart" aria-label="2 items in cart" class="nav-a nav-a-2" id="nav-cart" tabindex="17">...</a> is not clickable at point (1326, 31). Other element would receive the click: <span class="nav-cart-icon nav-sprite"></span>
  (Session info: chrome=83.0.4103.61)
Build info: version: '3.141.59', revision: 'e82be7d358', time: '2018-11-14T08:17:03'
System info: host: 'Reddi-Kothapalli.local', ip: 'fe80:0:0:0:c6b:7019:84ea:a3d6%en0', os.name: 'Mac OS X', os.arch: 'x86_64', os.version: '10.15.4', java.version: '1.8.0_231'
Driver info: org.openqa.selenium.chrome.ChromeDriver
Capabilities {acceptInsecureCerts: true, browserName: chrome, browserVersion: 83.0.4103.61, chrome: {chromedriverVersion: 83.0.4103.39 (ccbf011cb2d2b..., userDataDir: /var/folders/gm/rp8ghlv94xn...}, goog:chromeOptions: {debuggerAddress: localhost:53800}, javascriptEnabled: true, networkConnectionEnabled: false, pageLoadStrategy: normal, platform: MAC, platformName: MAC, proxy: Proxy(), setWindowRect: true, strictFileInteractability: false, timeouts: {implicit: 0, pageLoad: 300000, script: 30000}, unhandledPromptBehavior: dismiss and notify, webauthn:virtualAuthenticators: true}
Session ID: 28833f16f49c8898e0c20c7526da6dd1
	at sun.reflect.NativeConstructorAccessorImpl.newInstance0(Native Method)
	at sun.reflect.NativeConstructorAccessorImpl.newInstance(NativeConstructorAccessorImpl.java:62)
	at sun.reflect.DelegatingConstructorAccessorImpl.newInstance(DelegatingConstructorAccessorImpl.java:45)
	at java.lang.reflect.Constructor.newInstance(Constructor.java:423)
	at org.openqa.selenium.remote.http.W3CHttpResponseCodec.createException(W3CHttpResponseCodec.java:187)
	at org.openqa.selenium.remote.http.W3CHttpResponseCodec.decode(W3CHttpResponseCodec.java:122)
	at org.openqa.selenium.remote.http.W3CHttpResponseCodec.decode(W3CHttpResponseCodec.java:49)
	at org.openqa.selenium.remote.HttpCommandExecutor.execute(HttpCommandExecutor.java:158)
	at org.openqa.selenium.remote.service.DriverCommandExecutor.execute(DriverCommandExecutor.java:83)
	at org.openqa.selenium.remote.RemoteWebDriver.execute(RemoteWebDriver.java:552)
	at org.openqa.selenium.remote.RemoteWebElement.execute(RemoteWebElement.java:285)
	at org.openqa.selenium.remote.RemoteWebElement.click(RemoteWebElement.java:84)
	at sun.reflect.NativeMethodAccessorImpl.invoke0(Native Method)
	at sun.reflect.NativeMethodAccessorImpl.invoke(NativeMethodAccessorImpl.java:62)
	at sun.reflect.DelegatingMethodAccessorImpl.invoke(DelegatingMethodAccessorImpl.java:43)
	at java.lang.reflect.Method.invoke(Method.java:498)
	at org.openqa.selenium.support.pagefactory.internal.LocatingElementHandler.invoke(LocatingElementHandler.java:51)
	at com.sun.proxy.$Proxy19.click(Unknown Source)
	at com.airasia.framework.utilities.UIWrappers.clickOnElement(UIWrappers.java:21)
	at com.airasia.pages.GlobalMenuPage.clickOnCartIcon(GlobalMenuPage.java:45)
	at com.airasia.stepdefinitions.GlobalMenuStepDefinitions.user_click_on_cart_icon_menu(GlobalMenuStepDefinitions.java:21)
	at ✽.User click on cart icon menu(file:src/test/resources/features/searchaddupdateproduct.feature:36)
]]>
            </full-stacktrace>
          </exception> <!-- org.openqa.selenium.ElementClickInterceptedException -->
          <reporter-output>
          </reporter-output>
        </test-method> <!-- runScenario -->
        <test-method status="PASS" signature="runScenario(io.cucumber.testng.PickleEventWrapper, io.cucumber.testng.CucumberFeatureWrapper)[pri:0, instance:com.airasia.runner.SuiteRunner@56ef9176]" name="runScenario" duration-ms="19199" started-at="2020-05-29T16:22:34Z" description="Runs Cucumber Scenarios" data-provider="scenarios" finished-at="2020-05-29T16:22:53Z">
          <params>
            <param index="0">
              <value>
                <![CDATA["Delete the product from cart"]]>
              </value>
            </param>
            <param index="1">
              <value>
                <![CDATA["verify search,add and update product in amazon web shop"]]>
              </value>
            </param>
          </params>
          <reporter-output>
          </reporter-output>
        </test-method> <!-- runScenario -->
        <test-method status="PASS" signature="tearDownClass()[pri:0, instance:com.airasia.runner.SuiteRunner@56ef9176]" name="tearDownClass" is-config="true" duration-ms="1060" started-at="2020-05-29T16:22:53Z" finished-at="2020-05-29T16:22:54Z">
          <reporter-output>
          </reporter-output>
        </test-method> <!-- tearDownClass -->
      </class> <!-- com.airasia.runner.SuiteRunner -->
    </test> <!-- Default test -->
  </suite> <!-- Default suite -->
</testng-results>
